<?xml version="1.0" encoding="UTF-8"?>
<beans xmlns="http://www.springframework.org/schema/beans"
    xmlns:xsi="http://www.w3.org/2001/XMLSchema-instance" xmlns:batch="http://www.springframework.org/schema/batch"
    xsi:schemaLocation="
    http://www.springframework.org/schema/batch http://www.springframework.org/schema/batch/spring-batch-3.0.xsd
    http://www.springframework.org/schema/beans http://www.springframework.org/schema/beans/spring-beans-4.3.xsd">

    <description>Application Context for Spring Batch Test</description>

    <bean id="sampleMember" class="sample.spring.batch.file.dto.Member" />

    <bean id="appContext"
        class="org.springframework.context.support.ClassPathXmlApplicationContext" />

</beans>
